[14:58:04] [main/INFO] (FabricLoader/GameProvider) Loading Minecraft 1.21.11 with Fabric Loader 0.19.2
[14:58:04] [main/INFO] (FabricLoader) Loading 43 mods:
	- fabric-api 0.141.3+1.21.11
	- fabric-api-base 1.0.5+4ebb5c083e
	- fabric-api-lookup-api-v1 1.6.114+20dc27073e
	- fabric-biome-api-v1 17.1.1+4fc5413f3e
	- fabric-block-api-v1 1.1.10+4ebb5c083e
	- fabric-block-view-api-v2 1.0.39+4ebb5c083e
	- fabric-command-api-v2 2.4.7+6b42a6003e
	- fabric-content-registries-v0 10.2.14+4fc5413f3e
	- fabric-convention-tags-v1 2.1.55+7f945d5b3e
	- fabric-convention-tags-v2 2.17.3+8ef948ba3e
	- fabric-crash-report-info-v1 0.3.23+4ebb5c083e
	- fabric-data-attachment-api-v1 1.8.47+eed0806f3e
	- fabric-data-generation-api-v1 23.4.0+69974c4e3e
	- fabric-dimensions-v1 4.0.28+4fc5413f3e
	- fabric-entity-events-v1 3.1.1+1d0ab4303e
	- fabric-events-interaction-v0 4.1.0+3b89ecf63e
	- fabric-game-rule-api-v1 2.0.3+4fc5413f3e
	- fabric-gametest-api-v1 3.1.27+4fc5413f3e
	- fabric-item-api-v1 11.5.20+d0c46b9e3e
	- fabric-item-group-api-v1 4.2.36+4fc5413f3e
	- fabric-lifecycle-events-v1 2.6.15+4ebb5c083e
	- fabric-loot-api-v2 3.0.73+3f89f5a53e
	- fabric-loot-api-v3 2.0.20+78c8b4663e
	- fabric-message-api-v1 6.1.12+4ebb5c083e
	- fabric-networking-api-v1 5.1.5+ae1e07683e
	- fabric-object-builder-api-v1 21.1.39+4fc5413f3e
	- fabric-particles-v1 4.2.11+4fc5413f3e
	- fabric-recipe-api-v1 8.2.3+4ebb5c083e
	- fabric-registry-sync-v0 6.2.5+1718722b3e
	- fabric-rendering-fluids-v1 3.1.43+4ebb5c083e
	- fabric-resource-conditions-api-v1 5.0.35+4fc5413f3e
	- fabric-resource-loader-v0 3.3.4+4fc5413f3e
	- fabric-resource-loader-v1 1.0.10+78c8b4663e
	- fabric-screen-handler-api-v1 1.3.161+4fc5413f3e
	- fabric-serialization-api-v1 1.0.5+4ebb5c083e
	- fabric-tag-api-v1 1.2.20+4fc5413f3e
	- fabric-transfer-api-v1 6.0.25+4fc5413f3e
	- fabric-transitive-access-wideners-v1 7.1.0+014c8cec3e
	- fabricloader 0.19.2
	- java 26
	- minecraft 1.21.11
	- mixinextras 0.5.4
	- votemod 2
[14:58:04] [main/INFO] (FabricLoader/Mixin) SpongePowered MIXIN Subsystem Version=0.8.7 Source=file:/home/gabriel/.gradle/caches/modules-2/files-2.1/net.fabricmc/sponge-mixin/0.17.2+mixin.0.8.7/edf98d1d98229e46e36c61774ae2b54dcd852981/sponge-mixin-0.17.2+mixin.0.8.7.jar Service=Knot/Fabric Env=SERVER
[14:58:04] [main/INFO] (FabricLoader/Mixin) Loaded Fabric development mappings for mixin remapper!
[14:58:04] [main/INFO] (FabricLoader/Mixin) Compatibility level set to JAVA_21
[14:58:04] [main/INFO] (FabricLoader/MixinExtras|Service) Initializing MixinExtras via com.llamalad7.mixinextras.service.MixinExtrasServiceImpl(version=0.5.4).
[14:58:07] [main/INFO] (Minecraft) [STDOUT]: VoteBan mod loaded!
[14:58:07] [main/INFO] (Minecraft) Environment: Environment[sessionHost=https://sessionserver.mojang.com, servicesHost=https://api.minecraftservices.com, profilesHost=https://api.mojang.com, name=PROD]
[14:58:08] [main/INFO] (Minecraft) Loaded 1470 recipes
[14:58:08] [main/INFO] (Minecraft) Loaded 1584 advancements
[14:58:08] [main/INFO] (BiomeModificationImpl) Applied 0 biome modifications to 0 of 65 new biomes in 714.2 μs
[14:58:08] [Server thread/INFO] (Minecraft) Starting minecraft server version 1.21.11
[14:58:08] [Server thread/INFO] (Minecraft) Loading properties
[14:58:08] [Server thread/INFO] (Minecraft) Default game type: SURVIVAL
[14:58:08] [Server thread/INFO] (Minecraft) Generating keypair
[14:58:08] [Server thread/INFO] (Minecraft) Starting Minecraft server on *:25565
[14:58:08] [Server thread/WARN] (Minecraft) **** SERVER IS RUNNING IN OFFLINE/INSECURE MODE!
[14:58:08] [Server thread/WARN] (Minecraft) The server will make no attempt to authenticate usernames. Beware.
[14:58:08] [Server thread/WARN] (Minecraft) While this makes the game possible to play without internet access, it also opens up the ability for hackers to connect with any username they choose.
[14:58:08] [Server thread/WARN] (Minecraft) To change this, set "online-mode" to "true" in the server.properties file.
[14:58:08] [Server thread/INFO] (Minecraft) Preparing level "world"
[14:58:08] [Server thread/INFO] (Minecraft) Loading 0 persistent chunks...
[14:58:08] [Server thread/INFO] (Minecraft) Preparing spawn area: 100%
[14:58:08] [Server thread/INFO] (Minecraft) Time elapsed: 68 ms
[14:58:08] [Server thread/INFO] (Minecraft) Done (0.313s)! For help, type "help"
[14:59:08] [Server thread/INFO] (Minecraft) Server empty for 60 seconds, pausing
[15:01:05] [Server thread/INFO] (Minecraft) GabbeGrabben[/127.0.0.1:49092] logged in with entity id 51 at (82.3363377133667, 93.0, -113.43099088996664)
[15:01:05] [Server thread/INFO] (Minecraft) GabbeGrabben joined the game
[15:01:11] [Server thread/INFO] (Minecraft) [GabbeGrabben: Set the time to 1000]
[15:01:21] [Server thread/INFO] (Minecraft) [GabbeGrabben: Set own game mode to Creative Mode]
[15:04:36] [Server thread/INFO] (Minecraft) test2[/127.0.0.1:59888] logged in with entity id 984 at (74.42716663419218, 94.0, -110.63115058898698)
[15:04:36] [Server thread/INFO] (Minecraft) test2 joined the game
[15:04:40] [Server thread/INFO] (Minecraft) Evelinasuger[/127.0.0.1:40824] logged in with entity id 993 at (81.30000001192093, 93.0, -114.43177226275046)
[15:04:40] [Server thread/INFO] (Minecraft) Evelinasuger joined the game
[15:04:45] [Server thread/INFO] (Minecraft) test4[/127.0.0.1:40856] logged in with entity id 1000 at (79.30000001192093, 91.0, -121.59696132349977)
[15:04:45] [Server thread/INFO] (Minecraft) test4 joined the game
[15:05:45] [Server thread/INFO] (Minecraft) Vote started to kick Evelinasuger for: Hacking | Type /voteban yes or /voteban no
[15:06:45] [Server thread/INFO] (Minecraft) Vote failed. Yes: 2 No: 2
[15:07:25] [Server thread/INFO] (Minecraft) [GabbeGrabben: GabbeGrabben is now protected from vote bans.]
[15:07:56] [Server thread/INFO] (Minecraft) [GabbeGrabben: GabbeGrabben is no longer protected from vote bans.]
[15:08:51] [Server thread/INFO] (Minecraft) Vote started to kick test2 for: he was hacking | Type /voteban yes or /voteban no
[15:09:51] [Server thread/INFO] (Minecraft) test2 lost connection: You were banned by vote for: 1h
Reason: he was hacking
[15:09:51] [Server thread/INFO] (Minecraft) test2 left the game
[15:09:51] [Server thread/INFO] (Minecraft) Vote passed. test2 was kicked.
[15:09:51] [Server thread/WARN] (Minecraft) handleDisconnection() called twice
[15:10:23] [Server thread/INFO] (Minecraft) Disconnecting test2 (/127.0.0.1:59738): You are banned from this server.
Reason: he was hacking
Your ban will be removed on 2026-04-26 at 16:09:51 GMT+02:00
[15:10:23] [Server thread/INFO] (Minecraft) test2 (/127.0.0.1:59738) lost connection: You are banned from this server.
Reason: he was hacking
Your ban will be removed on 2026-04-26 at 16:09:51 GMT+02:00
[15:10:23] [Server thread/WARN] (Minecraft) handleDisconnection() called twice
[15:10:43] [Server thread/INFO] (Minecraft) [GabbeGrabben: Unbanned test2]
[15:10:55] [Server thread/INFO] (Minecraft) test2[/127.0.0.1:50036] logged in with entity id 1589 at (75.69999998807907, 91.0, -111.30000001192093)
[15:10:55] [Server thread/INFO] (Minecraft) test2 joined the game
[15:11:04] [Server thread/INFO] (Minecraft) [GabbeGrabben: Set the time to 1000]
[15:13:49] [Server thread/INFO] (Minecraft) GabbeGrabben lost connection: Disconnected
[15:13:49] [Server thread/INFO] (Minecraft) GabbeGrabben left the game
[15:21:36] [Server thread/INFO] (Minecraft) test2 lost connection: Disconnected
[15:21:36] [Server thread/INFO] (Minecraft) test2 left the game
[15:21:40] [Server thread/INFO] (Minecraft) Evelinasuger lost connection: Disconnected
[15:21:40] [Server thread/INFO] (Minecraft) Evelinasuger left the game
[15:21:44] [Server thread/INFO] (Minecraft) test4 lost connection: Disconnected
[15:21:44] [Server thread/INFO] (Minecraft) test4 left the game
[15:22:44] [Server thread/INFO] (Minecraft) Server empty for 60 seconds, pausing
